<?xml version="1.0" encoding="UTF-8"?>
<!-- Generated by org.testng.reporters.JUnitXMLReporter -->
<testsuite hostname="bcslappy-Amar" name="Default test" tests="9" failures="0" timestamp="18 Apr 2017 05:46:06 GMT" time="151.444" errors="0">
  <testcase name="home" time="9.927" classname="testClass.ScriptForJenkins"/>
  <testcase name="selectDate" time="3.176" classname="testClass.ScriptForJenkins"/>
  <testcase name="selectPAX" time="15.426" classname="testClass.ScriptForJenkins"/>
  <testcase name="searchFlight" time="15.739" classname="testClass.ScriptForJenkins"/>
  <testcase name="PAXInfo" time="17.971" classname="testClass.ScriptForJenkins"/>
  <testcase name="customersBaggage" time="3.276" classname="testClass.ScriptForJenkins"/>
  <testcase name="selectSeat" time="20.915" classname="testClass.ScriptForJenkins"/>
  <testcase name="tripExtras" time="5.628" classname="testClass.ScriptForJenkins"/>
  <testcase name="carAndPayment" time="18.97" classname="testClass.ScriptForJenkins"/>
</testsuite> <!-- Default test -->
