<?xml version="1.0" encoding="UTF-8"?>
<!-- Generated by org.testng.reporters.JUnitXMLReporter -->
<testsuite hostname="bcslappy-Amar" name="Default test" tests="9" failures="0" timestamp="17 Apr 2017 06:31:06 GMT" time="142.68" errors="0">
  <testcase name="home" time="12.579" classname="testClass.ScriptForJenkins"/>
  <testcase name="selectDate" time="3.195" classname="testClass.ScriptForJenkins"/>
  <testcase name="selectPAX" time="16.938" classname="testClass.ScriptForJenkins"/>
  <testcase name="searchFlight" time="19.881" classname="testClass.ScriptForJenkins"/>
  <testcase name="PAXInfo" time="17.196" classname="testClass.ScriptForJenkins"/>
  <testcase name="customersBaggage" time="3.239" classname="testClass.ScriptForJenkins"/>
  <testcase name="selectSeat" time="19.529" classname="testClass.ScriptForJenkins"/>
  <testcase name="tripExtras" time="5.542" classname="testClass.ScriptForJenkins"/>
  <testcase name="carAndPayment" time="22.985" classname="testClass.ScriptForJenkins"/>
</testsuite> <!-- Default test -->
