<?xml version="1.0" encoding="UTF-8"?>
<!-- Generated by org.testng.reporters.JUnitXMLReporter -->
<testsuite hostname="bcslappy-Amar" name="Test" tests="9" failures="0" timestamp="18 Apr 2017 07:38:57 GMT" time="147.098" errors="0">
  <testcase name="home" time="10.151" classname="testClass.ScriptForJenkins"/>
  <testcase name="selectDate" time="3.402" classname="testClass.ScriptForJenkins"/>
  <testcase name="selectPAX" time="18.167" classname="testClass.ScriptForJenkins"/>
  <testcase name="searchFlight" time="17.341" classname="testClass.ScriptForJenkins"/>
  <testcase name="PAXInfo" time="17.71" classname="testClass.ScriptForJenkins"/>
  <testcase name="customersBaggage" time="3.267" classname="testClass.ScriptForJenkins"/>
  <testcase name="selectSeat" time="22.991" classname="testClass.ScriptForJenkins"/>
  <testcase name="tripExtras" time="5.598" classname="testClass.ScriptForJenkins"/>
  <testcase name="carAndPayment" time="8.256" classname="testClass.ScriptForJenkins"/>
</testsuite> <!-- Test -->
