<?xml version="1.0" encoding="UTF-8"?>
<!-- Generated by org.testng.reporters.JUnitXMLReporter -->
<testsuite hostname="bcslappy-Amar" name="Test" tests="9" failures="0" timestamp="12 Apr 2017 04:58:52 GMT" time="161.481" errors="0">
  <testcase name="home" time="12.392" classname="testClass.ScriptForJenkins"/>
  <testcase name="selectDate" time="3.197" classname="testClass.ScriptForJenkins"/>
  <testcase name="selectPAX" time="15.906" classname="testClass.ScriptForJenkins"/>
  <testcase name="searchFlight" time="17.052" classname="testClass.ScriptForJenkins"/>
  <testcase name="PAXInfo" time="17.198" classname="testClass.ScriptForJenkins"/>
  <testcase name="customers" time="3.253" classname="testClass.ScriptForJenkins"/>
  <testcase name="selectSeat" time="33.266" classname="testClass.ScriptForJenkins"/>
  <testcase name="tripExtras" time="5.469" classname="testClass.ScriptForJenkins"/>
  <testcase name="carAndPayment" time="14.794" classname="testClass.ScriptForJenkins"/>
</testsuite> <!-- Test -->
