<?xml version="1.0" encoding="UTF-8"?>
<!-- Generated by org.testng.reporters.JUnitXMLReporter -->
<testsuite hostname="bcslappy-Amar" name="Test" tests="9" failures="1" timestamp="18 Apr 2017 05:34:14 GMT" time="121.022" errors="0">
  <testcase name="home" time="11.025" classname="testClass.ScriptForJenkins"/>
  <testcase name="selectDate" time="3.174" classname="testClass.ScriptForJenkins"/>
  <testcase name="selectPAX" time="14.231" classname="testClass.ScriptForJenkins"/>
  <testcase name="searchFlight" time="14.966" classname="testClass.ScriptForJenkins"/>
  <testcase name="PAXInfo" time="14.251" classname="testClass.ScriptForJenkins"/>
  <testcase name="customersBaggage" time="3.599" classname="testClass.ScriptForJenkins"/>
  <testcase name="selectSeat" time="8.228" classname="testClass.ScriptForJenkins"/>
  <testcase name="tripExtras" time="5.127" classname="testClass.ScriptForJenkins">
    <failure type="java.lang.AssertionError" message="expected [CUSTOMERS] but found [YOU DECIDE WHAT TO ADD.]">
      <![CDATA[java.lang.AssertionError: expected [CUSTOMERS] but found [YOU DECIDE WHAT TO ADD.]
	at testClass.ScriptForJenkins.tripExtras(ScriptForJenkins.java:150)
... Removed 38 stack frames]]>
    </failure>
  </testcase> <!-- tripExtras -->
  <testcase name="carAndPayment" time="5.042" classname="testClass.ScriptForJenkins"/>
</testsuite> <!-- Test -->
