<?xml version="1.0" encoding="UTF-8"?>
<!-- Generated by org.testng.reporters.JUnitXMLReporter -->
<testsuite hostname="bcslappy-Amar" name="Test" tests="9" failures="0" timestamp="19 Apr 2017 09:56:24 GMT" time="153.113" errors="0">
  <testcase name="home" time="8.652" classname="testClass.ScriptForJenkins"/>
  <testcase name="selectDate" time="3.212" classname="testClass.ScriptForJenkins"/>
  <testcase name="selectPAX" time="16.023" classname="testClass.ScriptForJenkins"/>
  <testcase name="searchFlight" time="16.741" classname="testClass.ScriptForJenkins"/>
  <testcase name="PAXInfo" time="17.962" classname="testClass.ScriptForJenkins"/>
  <testcase name="customersBaggage" time="3.246" classname="testClass.ScriptForJenkins"/>
  <testcase name="selectSeat" time="22.024" classname="testClass.ScriptForJenkins"/>
  <testcase name="tripExtras" time="5.49" classname="testClass.ScriptForJenkins"/>
  <testcase name="carAndPayment" time="19.876" classname="testClass.ScriptForJenkins"/>
</testsuite> <!-- Test -->
