<?xml version="1.0" encoding="UTF-8"?>
<testng-results skipped="0" failed="1" total="9" passed="8">
  <reporter-output>
  </reporter-output>
  <suite name="Suite" duration-ms="391847" started-at="2017-04-18T10:34:26Z" finished-at="2017-04-18T10:40:57Z">
    <groups>
    </groups>
    <test name="Test" duration-ms="391847" started-at="2017-04-18T10:34:26Z" finished-at="2017-04-18T10:40:57Z">
      <class name="testClass.ScriptForJenkins">
        <test-method status="PASS" signature="setPreCondion()[pri:0, instance:testClass.ScriptForJenkins@36f6e879]" name="setPreCondion" is-config="true" duration-ms="306856" started-at="2017-04-18T16:04:26Z" finished-at="2017-04-18T16:09:32Z">
          <reporter-output>
          </reporter-output>
        </test-method> <!-- setPreCondion -->
        <test-method status="PASS" signature="home()[pri:1, instance:testClass.ScriptForJenkins@36f6e879]" name="home" duration-ms="8710" started-at="2017-04-18T16:09:32Z" finished-at="2017-04-18T16:09:41Z">
          <reporter-output>
          </reporter-output>
        </test-method> <!-- home -->
        <test-method status="PASS" signature="selectDate()[pri:2, instance:testClass.ScriptForJenkins@36f6e879]" name="selectDate" duration-ms="3195" started-at="2017-04-18T16:09:41Z" finished-at="2017-04-18T16:09:44Z">
          <reporter-output>
          </reporter-output>
        </test-method> <!-- selectDate -->
        <test-method status="PASS" signature="selectPAX()[pri:3, instance:testClass.ScriptForJenkins@36f6e879]" name="selectPAX" duration-ms="19585" started-at="2017-04-18T16:09:44Z" finished-at="2017-04-18T16:10:04Z">
          <reporter-output>
          </reporter-output>
        </test-method> <!-- selectPAX -->
        <test-method status="PASS" signature="searchFlight()[pri:4, instance:testClass.ScriptForJenkins@36f6e879]" name="searchFlight" duration-ms="16651" started-at="2017-04-18T16:10:04Z" finished-at="2017-04-18T16:10:21Z">
          <reporter-output>
          </reporter-output>
        </test-method> <!-- searchFlight -->
        <test-method status="PASS" signature="PAXInfo()[pri:5, instance:testClass.ScriptForJenkins@36f6e879]" name="PAXInfo" duration-ms="13720" started-at="2017-04-18T16:10:21Z" finished-at="2017-04-18T16:10:34Z">
          <reporter-output>
          </reporter-output>
        </test-method> <!-- PAXInfo -->
        <test-method status="PASS" signature="customersBaggage()[pri:6, instance:testClass.ScriptForJenkins@36f6e879]" name="customersBaggage" duration-ms="3237" started-at="2017-04-18T16:10:34Z" finished-at="2017-04-18T16:10:38Z">
          <reporter-output>
          </reporter-output>
        </test-method> <!-- customersBaggage -->
        <test-method status="PASS" signature="selectSeat()[pri:7, instance:testClass.ScriptForJenkins@36f6e879]" name="selectSeat" duration-ms="8146" started-at="2017-04-18T16:10:38Z" finished-at="2017-04-18T16:10:46Z">
          <reporter-output>
          </reporter-output>
        </test-method> <!-- selectSeat -->
        <test-method status="FAIL" signature="tripExtras()[pri:8, instance:testClass.ScriptForJenkins@36f6e879]" name="tripExtras" duration-ms="5126" started-at="2017-04-18T16:10:46Z" finished-at="2017-04-18T16:10:51Z">
          <exception class="java.lang.AssertionError">
            <message>
              <![CDATA[expected [CUSTOMERS] but found [YOU DECIDE WHAT TO ADD.]]]>
            </message>
            <full-stacktrace>
              <![CDATA[java.lang.AssertionError: expected [CUSTOMERS] but found [YOU DECIDE WHAT TO ADD.]
	at org.testng.Assert.fail(Assert.java:94)
	at org.testng.Assert.failNotEquals(Assert.java:496)
	at org.testng.Assert.assertEquals(Assert.java:125)
	at org.testng.Assert.assertEquals(Assert.java:178)
	at org.testng.Assert.assertEquals(Assert.java:188)
	at testClass.ScriptForJenkins.tripExtras(ScriptForJenkins.java:150)
	at sun.reflect.NativeMethodAccessorImpl.invoke0(Native Method)
	at sun.reflect.NativeMethodAccessorImpl.invoke(NativeMethodAccessorImpl.java:62)
	at sun.reflect.DelegatingMethodAccessorImpl.invoke(DelegatingMethodAccessorImpl.java:43)
	at java.lang.reflect.Method.invoke(Method.java:498)
	at org.testng.internal.MethodInvocationHelper.invokeMethod(MethodInvocationHelper.java:85)
	at org.testng.internal.Invoker.invokeMethod(Invoker.java:639)
	at org.testng.internal.Invoker.invokeTestMethod(Invoker.java:816)
	at org.testng.internal.Invoker.invokeTestMethods(Invoker.java:1124)
	at org.testng.internal.TestMethodWorker.invokeTestMethods(TestMethodWorker.java:125)
	at org.testng.internal.TestMethodWorker.run(TestMethodWorker.java:108)
	at org.testng.TestRunner.privateRun(TestRunner.java:774)
	at org.testng.TestRunner.run(TestRunner.java:624)
	at org.testng.SuiteRunner.runTest(SuiteRunner.java:359)
	at org.testng.SuiteRunner.runSequentially(SuiteRunner.java:354)
	at org.testng.SuiteRunner.privateRun(SuiteRunner.java:312)
	at org.testng.SuiteRunner.run(SuiteRunner.java:261)
	at org.testng.SuiteRunnerWorker.runSuite(SuiteRunnerWorker.java:52)
	at org.testng.SuiteRunnerWorker.run(SuiteRunnerWorker.java:86)
	at org.testng.TestNG.runSuitesSequentially(TestNG.java:1191)
	at org.testng.TestNG.runSuitesLocally(TestNG.java:1116)
	at org.testng.TestNG.run(TestNG.java:1024)
	at org.apache.maven.surefire.testng.TestNGExecutor.run(TestNGExecutor.java:177)
	at org.apache.maven.surefire.testng.TestNGXmlTestSuite.execute(TestNGXmlTestSuite.java:92)
	at org.apache.maven.surefire.testng.TestNGProvider.invoke(TestNGProvider.java:105)
	at sun.reflect.NativeMethodAccessorImpl.invoke0(Native Method)
	at sun.reflect.NativeMethodAccessorImpl.invoke(NativeMethodAccessorImpl.java:62)
	at sun.reflect.DelegatingMethodAccessorImpl.invoke(DelegatingMethodAccessorImpl.java:43)
	at java.lang.reflect.Method.invoke(Method.java:498)
	at org.apache.maven.surefire.util.ReflectionUtils.invokeMethodWithArray(ReflectionUtils.java:189)
	at org.apache.maven.surefire.booter.ProviderFactory$ProviderProxy.invoke(ProviderFactory.java:165)
	at org.apache.maven.surefire.booter.ProviderFactory.invokeProvider(ProviderFactory.java:85)
	at org.apache.maven.surefire.booter.ForkedBooter.runSuitesInProcess(ForkedBooter.java:103)
	at org.apache.maven.surefire.booter.ForkedBooter.main(ForkedBooter.java:74)
]]>
            </full-stacktrace>
          </exception> <!-- java.lang.AssertionError -->
          <reporter-output>
          </reporter-output>
        </test-method> <!-- tripExtras -->
        <test-method status="PASS" signature="carAndPayment()[pri:9, instance:testClass.ScriptForJenkins@36f6e879]" name="carAndPayment" duration-ms="5049" started-at="2017-04-18T16:10:51Z" finished-at="2017-04-18T16:10:56Z">
          <reporter-output>
          </reporter-output>
        </test-method> <!-- carAndPayment -->
        <test-method status="PASS" signature="closeTest()[pri:0, instance:testClass.ScriptForJenkins@36f6e879]" name="closeTest" is-config="true" duration-ms="1025" started-at="2017-04-18T16:10:56Z" finished-at="2017-04-18T16:10:57Z">
          <reporter-output>
          </reporter-output>
        </test-method> <!-- closeTest -->
      </class> <!-- testClass.ScriptForJenkins -->
    </test> <!-- Test -->
  </suite> <!-- Suite -->
</testng-results>
