<?xml version="1.0" encoding="UTF-8"?>
<testng-results skipped="0" failed="0" total="9" passed="9">
  <reporter-output>
  </reporter-output>
  <suite name="Suite" duration-ms="165153" started-at="2017-04-19T08:32:29Z" finished-at="2017-04-19T08:35:15Z">
    <groups>
    </groups>
    <test name="Test" duration-ms="165153" started-at="2017-04-19T08:32:29Z" finished-at="2017-04-19T08:35:15Z">
      <class name="testClass.ScriptForJenkins">
        <test-method status="PASS" signature="setPreCondion()[pri:0, instance:testClass.ScriptForJenkins@6e1567f1]" name="setPreCondion" is-config="true" duration-ms="42454" started-at="2017-04-19T14:02:29Z" finished-at="2017-04-19T14:03:12Z">
          <reporter-output>
          </reporter-output>
        </test-method> <!-- setPreCondion -->
        <test-method status="PASS" signature="home()[pri:1, instance:testClass.ScriptForJenkins@6e1567f1]" name="home" duration-ms="10905" started-at="2017-04-19T14:03:12Z" finished-at="2017-04-19T14:03:23Z">
          <reporter-output>
          </reporter-output>
        </test-method> <!-- home -->
        <test-method status="PASS" signature="selectDate()[pri:2, instance:testClass.ScriptForJenkins@6e1567f1]" name="selectDate" duration-ms="3693" started-at="2017-04-19T14:03:23Z" finished-at="2017-04-19T14:03:26Z">
          <reporter-output>
          </reporter-output>
        </test-method> <!-- selectDate -->
        <test-method status="PASS" signature="selectPAX()[pri:3, instance:testClass.ScriptForJenkins@6e1567f1]" name="selectPAX" duration-ms="15762" started-at="2017-04-19T14:03:26Z" finished-at="2017-04-19T14:03:42Z">
          <reporter-output>
          </reporter-output>
        </test-method> <!-- selectPAX -->
        <test-method status="PASS" signature="searchFlight()[pri:4, instance:testClass.ScriptForJenkins@6e1567f1]" name="searchFlight" duration-ms="20245" started-at="2017-04-19T14:03:42Z" finished-at="2017-04-19T14:04:02Z">
          <reporter-output>
          </reporter-output>
        </test-method> <!-- searchFlight -->
        <test-method status="PASS" signature="PAXInfo()[pri:5, instance:testClass.ScriptForJenkins@6e1567f1]" name="PAXInfo" duration-ms="17937" started-at="2017-04-19T14:04:02Z" finished-at="2017-04-19T14:04:20Z">
          <reporter-output>
          </reporter-output>
        </test-method> <!-- PAXInfo -->
        <test-method status="PASS" signature="customersBaggage()[pri:6, instance:testClass.ScriptForJenkins@6e1567f1]" name="customersBaggage" duration-ms="3258" started-at="2017-04-19T14:04:20Z" finished-at="2017-04-19T14:04:24Z">
          <reporter-output>
          </reporter-output>
        </test-method> <!-- customersBaggage -->
        <test-method status="PASS" signature="selectSeat()[pri:7, instance:testClass.ScriptForJenkins@6e1567f1]" name="selectSeat" duration-ms="19973" started-at="2017-04-19T14:04:24Z" finished-at="2017-04-19T14:04:44Z">
          <reporter-output>
          </reporter-output>
        </test-method> <!-- selectSeat -->
        <test-method status="PASS" signature="tripExtras()[pri:8, instance:testClass.ScriptForJenkins@6e1567f1]" name="tripExtras" duration-ms="5610" started-at="2017-04-19T14:04:44Z" finished-at="2017-04-19T14:04:49Z">
          <reporter-output>
          </reporter-output>
        </test-method> <!-- tripExtras -->
        <test-method status="PASS" signature="carAndPayment()[pri:9, instance:testClass.ScriptForJenkins@6e1567f1]" name="carAndPayment" duration-ms="24090" started-at="2017-04-19T14:04:49Z" finished-at="2017-04-19T14:05:13Z">
          <reporter-output>
          </reporter-output>
        </test-method> <!-- carAndPayment -->
        <test-method status="PASS" signature="closeTest()[pri:0, instance:testClass.ScriptForJenkins@6e1567f1]" name="closeTest" is-config="true" duration-ms="1187" started-at="2017-04-19T14:05:13Z" finished-at="2017-04-19T14:05:15Z">
          <reporter-output>
          </reporter-output>
        </test-method> <!-- closeTest -->
      </class> <!-- testClass.ScriptForJenkins -->
    </test> <!-- Test -->
  </suite> <!-- Suite -->
</testng-results>
