<?xml version="1.0" encoding="UTF-8"?>
<testsuite name="Test"
           tests="9"
           failures="0"
           errors="0"
           skipped="0"
           time="119.227">
  <properties />
  
  
            <testcase name="tripExtras" time="5.712" classname="testClass.ScriptForJenkins" />
                <testcase name="home" time="9.027" classname="testClass.ScriptForJenkins" />
                <testcase name="carAndPayment" time="19.941" classname="testClass.ScriptForJenkins" />
                <testcase name="searchFlight" time="17.688" classname="testClass.ScriptForJenkins" />
                <testcase name="customersBaggage" time="3.287" classname="testClass.ScriptForJenkins" />
                <testcase name="PAXInfo" time="18.381" classname="testClass.ScriptForJenkins" />
                <testcase name="selectPAX" time="17.861" classname="testClass.ScriptForJenkins" />
                <testcase name="selectDate" time="3.282" classname="testClass.ScriptForJenkins" />
                <testcase name="selectSeat" time="24.048" classname="testClass.ScriptForJenkins" />
      
</testsuite>
