<?xml version="1.0" encoding="UTF-8"?>
<testsuite name="Test"
           tests="9"
           failures="0"
           errors="0"
           skipped="0"
           time="113.226">
  <properties />
  
  
            <testcase name="customersBaggage" time="3.246" classname="testClass.ScriptForJenkins" />
                <testcase name="selectSeat" time="22.024" classname="testClass.ScriptForJenkins" />
                <testcase name="carAndPayment" time="19.876" classname="testClass.ScriptForJenkins" />
                <testcase name="selectDate" time="3.212" classname="testClass.ScriptForJenkins" />
                <testcase name="PAXInfo" time="17.962" classname="testClass.ScriptForJenkins" />
                <testcase name="selectPAX" time="16.023" classname="testClass.ScriptForJenkins" />
                <testcase name="home" time="8.652" classname="testClass.ScriptForJenkins" />
                <testcase name="searchFlight" time="16.741" classname="testClass.ScriptForJenkins" />
                <testcase name="tripExtras" time="5.490" classname="testClass.ScriptForJenkins" />
      
</testsuite>
