<?xml version="1.0" encoding="UTF-8"?>
<!-- Generated by org.testng.reporters.JUnitXMLReporter -->
<testsuite hostname="bcslappy-Amar" name="Test" tests="9" failures="0" timestamp="17 Apr 2017 06:39:13 GMT" time="151.21" errors="0">
  <testcase name="home" time="12.469" classname="testClass.ScriptForJenkins"/>
  <testcase name="selectDate" time="3.189" classname="testClass.ScriptForJenkins"/>
  <testcase name="selectPAX" time="18.567" classname="testClass.ScriptForJenkins"/>
  <testcase name="searchFlight" time="15.811" classname="testClass.ScriptForJenkins"/>
  <testcase name="PAXInfo" time="8.178" classname="testClass.ScriptForJenkins"/>
  <testcase name="customersBaggage" time="8.73" classname="testClass.ScriptForJenkins"/>
  <testcase name="selectSeat" time="20.461" classname="testClass.ScriptForJenkins"/>
  <testcase name="tripExtras" time="5.546" classname="testClass.ScriptForJenkins"/>
  <testcase name="carAndPayment" time="17.475" classname="testClass.ScriptForJenkins"/>
</testsuite> <!-- Test -->
