<?xml version="1.0" encoding="UTF-8"?>
<testng-results skipped="0" failed="0" total="9" passed="9">
  <reporter-output>
  </reporter-output>
  <suite name="Suite" duration-ms="151210" started-at="2017-04-17T06:36:42Z" finished-at="2017-04-17T06:39:13Z">
    <groups>
    </groups>
    <test name="Test" duration-ms="151210" started-at="2017-04-17T06:36:42Z" finished-at="2017-04-17T06:39:13Z">
      <class name="testClass.ScriptForJenkins">
        <test-method status="PASS" signature="setPreCondion()[pri:0, instance:testClass.ScriptForJenkins@36f6e879]" name="setPreCondion" is-config="true" duration-ms="39792" started-at="2017-04-17T12:06:42Z" finished-at="2017-04-17T12:07:22Z">
          <reporter-output>
          </reporter-output>
        </test-method> <!-- setPreCondion -->
        <test-method status="PASS" signature="home()[pri:1, instance:testClass.ScriptForJenkins@36f6e879]" name="home" duration-ms="12469" started-at="2017-04-17T12:07:22Z" finished-at="2017-04-17T12:07:34Z">
          <reporter-output>
          </reporter-output>
        </test-method> <!-- home -->
        <test-method status="PASS" signature="selectDate()[pri:2, instance:testClass.ScriptForJenkins@36f6e879]" name="selectDate" duration-ms="3189" started-at="2017-04-17T12:07:34Z" finished-at="2017-04-17T12:07:37Z">
          <reporter-output>
          </reporter-output>
        </test-method> <!-- selectDate -->
        <test-method status="PASS" signature="selectPAX()[pri:3, instance:testClass.ScriptForJenkins@36f6e879]" name="selectPAX" duration-ms="18567" started-at="2017-04-17T12:07:37Z" finished-at="2017-04-17T12:07:56Z">
          <reporter-output>
          </reporter-output>
        </test-method> <!-- selectPAX -->
        <test-method status="PASS" signature="searchFlight()[pri:4, instance:testClass.ScriptForJenkins@36f6e879]" name="searchFlight" duration-ms="15811" started-at="2017-04-17T12:07:56Z" finished-at="2017-04-17T12:08:12Z">
          <reporter-output>
          </reporter-output>
        </test-method> <!-- searchFlight -->
        <test-method status="PASS" signature="PAXInfo()[pri:5, instance:testClass.ScriptForJenkins@36f6e879]" name="PAXInfo" duration-ms="8178" started-at="2017-04-17T12:08:12Z" finished-at="2017-04-17T12:08:20Z">
          <reporter-output>
          </reporter-output>
        </test-method> <!-- PAXInfo -->
        <test-method status="PASS" signature="customersBaggage()[pri:6, instance:testClass.ScriptForJenkins@36f6e879]" name="customersBaggage" duration-ms="8730" started-at="2017-04-17T12:08:20Z" finished-at="2017-04-17T12:08:29Z">
          <reporter-output>
          </reporter-output>
        </test-method> <!-- customersBaggage -->
        <test-method status="PASS" signature="selectSeat()[pri:7, instance:testClass.ScriptForJenkins@36f6e879]" name="selectSeat" duration-ms="20461" started-at="2017-04-17T12:08:29Z" finished-at="2017-04-17T12:08:49Z">
          <reporter-output>
          </reporter-output>
        </test-method> <!-- selectSeat -->
        <test-method status="PASS" signature="tripExtras()[pri:8, instance:testClass.ScriptForJenkins@36f6e879]" name="tripExtras" duration-ms="5546" started-at="2017-04-17T12:08:49Z" finished-at="2017-04-17T12:08:55Z">
          <reporter-output>
          </reporter-output>
        </test-method> <!-- tripExtras -->
        <test-method status="PASS" signature="carAndPayment()[pri:9, instance:testClass.ScriptForJenkins@36f6e879]" name="carAndPayment" duration-ms="17475" started-at="2017-04-17T12:08:55Z" finished-at="2017-04-17T12:09:12Z">
          <reporter-output>
          </reporter-output>
        </test-method> <!-- carAndPayment -->
        <test-method status="PASS" signature="closeTest()[pri:0, instance:testClass.ScriptForJenkins@36f6e879]" name="closeTest" is-config="true" duration-ms="959" started-at="2017-04-17T12:09:12Z" finished-at="2017-04-17T12:09:13Z">
          <reporter-output>
          </reporter-output>
        </test-method> <!-- closeTest -->
      </class> <!-- testClass.ScriptForJenkins -->
    </test> <!-- Test -->
  </suite> <!-- Suite -->
</testng-results>
